INFO: 2019-12-05 19:50:45,553: perform_upgrade() 'Last run version was 0.7.2 or earlier, current version is 0.7.2'
INFO: 2019-12-05 19:50:45,751: process_command() 'Received command: []'
INFO: 2019-12-05 19:50:45,755: load_banned() 'Missing or invalid banned URLs list, no URLs will be banned'
INFO: 2019-12-05 19:50:45,772: load() 'Jumble loading'
INFO: 2019-12-05 19:50:45,773: _walk_modules() 'Jumble loading module in __init__ from /usr/share/variety/plugins/__init__.py'
INFO: 2019-12-05 19:50:45,774: _walk_modules() 'Jumble loading module in QuotationsPageSource from /usr/share/variety/plugins/quotes/QuotationsPageSource.py'
INFO: 2019-12-05 19:50:45,786: load() 'Jumble found plugin class: <class 'QuotationsPageSource.QuotationsPageSource'>: {'name': 'TheQuotationsPage.com', 'description': 'Fetches quotes from TheQuotationsPage.com', 'author': 'Peter Levi', 'version': '0.1'}'
INFO: 2019-12-05 19:50:45,787: _walk_modules() 'Jumble loading module in GoodreadsSource from /usr/share/variety/plugins/quotes/GoodreadsSource.py'
INFO: 2019-12-05 19:50:45,789: load() 'Jumble found plugin class: <class 'GoodreadsSource.GoodreadsSource'>: {'name': 'Goodreads', 'description': 'Fetches quotes from Goodreads.com', 'author': 'Peter Levi', 'version': '0.1'}'
INFO: 2019-12-05 19:50:45,789: _walk_modules() 'Jumble loading module in __init__ from /usr/share/variety/plugins/quotes/__init__.py'
INFO: 2019-12-05 19:50:45,790: _walk_modules() 'Jumble loading module in QuotesDaddySource from /usr/share/variety/plugins/quotes/QuotesDaddySource.py'
INFO: 2019-12-05 19:50:45,791: load() 'Jumble found plugin class: <class 'QuotesDaddySource.QuotesDaddySource'>: {'name': 'QuotesDaddy', 'description': "Fetches quotes from QuotesDaddy's daily quotes RSS feed.\nDoes not support searching by tags or authors.", 'author': 'Peter Levi', 'version': '0.1'}'
INFO: 2019-12-05 19:50:45,791: _walk_modules() 'Jumble loading module in LocalFilesSource from /usr/share/variety/plugins/quotes/LocalFilesSource.py'
INFO: 2019-12-05 19:50:45,793: load() 'Jumble found plugin class: <class 'LocalFilesSource.LocalFilesSource'>: {'name': 'Local text files', 'description': 'Displays quotes, defined in local text files.\nPut your own txt files in: ~/.config/variety/pluginconfig/quotes/.\nThe file format is:\n\nquote -- author\n.\nsecond quote -- another author\n.\netc...\n\nExample: http://rvelthuis.de/zips/quotes.txt', 'author': 'Peter Levi', 'version': '0.1'}'
INFO: 2019-12-05 19:50:45,798: log_options() 'Loaded options:'
INFO: 2019-12-05 19:50:45,798: log_options() 'change_enabled = True'
INFO: 2019-12-05 19:50:45,798: log_options() 'change_interval = 1800'
INFO: 2019-12-05 19:50:45,798: log_options() 'change_on_start = True'
INFO: 2019-12-05 19:50:45,798: log_options() 'clipboard_enabled = False'
INFO: 2019-12-05 19:50:45,798: log_options() 'clipboard_hosts = ['wallhaven.cc', 'wallpapers.net', 'flickr.com', 'imgur.com', 'deviantart.com', 'interfacelift.com', 'vladstudio.com', 'imageshack.us', 'deviantart.net', 'imageshack.com']'
INFO: 2019-12-05 19:50:45,798: log_options() 'clipboard_use_whitelist = True'
INFO: 2019-12-05 19:50:45,798: log_options() 'clock_date_font = Ubuntu Condensed, 30'
INFO: 2019-12-05 19:50:45,798: log_options() 'clock_enabled = False'
INFO: 2019-12-05 19:50:45,798: log_options() 'clock_filter = -density 100 -font `fc-match -f '%{file[0]}' '%CLOCK_FONT_NAME'` -pointsize %CLOCK_FONT_SIZE -gravity SouthEast -fill '#00000044' -annotate 0x0+[%HOFFSET+58]+[%VOFFSET+108] '%H:%M' -fill white -annotate 0x0+[%HOFFSET+60]+[%VOFFSET+110] '%H:%M' -font `fc-match -f '%{file[0]}' '%DATE_FONT_NAME'` -pointsize %DATE_FONT_SIZE -fill '#00000044' -annotate 0x0+[%HOFFSET+58]+[%VOFFSET+58] '%A, %B %d' -fill white -annotate 0x0+[%HOFFSET+60]+[%VOFFSET+60] '%A, %B %d''
INFO: 2019-12-05 19:50:45,798: log_options() 'clock_font = Ubuntu Condensed, 70'
INFO: 2019-12-05 19:50:45,799: log_options() 'configfile = /home/niel/.config/variety/variety.conf'
INFO: 2019-12-05 19:50:45,799: log_options() 'copyto_enabled = False'
INFO: 2019-12-05 19:50:45,799: log_options() 'copyto_folder = Default'
INFO: 2019-12-05 19:50:45,799: log_options() 'desired_color = [160, 160, 160]'
INFO: 2019-12-05 19:50:45,799: log_options() 'desired_color_enabled = False'
INFO: 2019-12-05 19:50:45,799: log_options() 'download_enabled = False'
INFO: 2019-12-05 19:50:45,799: log_options() 'download_folder = /home/niel/.config/variety/Downloaded'
INFO: 2019-12-05 19:50:45,799: log_options() 'download_interval = 600'
INFO: 2019-12-05 19:50:45,799: log_options() 'favorites_folder = /home/niel/.config/variety/Favorites'
INFO: 2019-12-05 19:50:45,799: log_options() 'favorites_operations = [['Downloaded', 'Copy'], ['Fetched', 'Move'], ['Others', 'Copy']]'
INFO: 2019-12-05 19:50:45,799: log_options() 'fetched_folder = /home/niel/.config/variety/Fetched'
INFO: 2019-12-05 19:50:45,799: log_options() 'filters = [[False, 'Keep original', ''], [False, 'Grayscale', '-type Grayscale'], [False, 'Heavy blur', '-blur 120x40'], [False, 'Soft blur', '-blur 20x7'], [False, 'Oil painting', '-paint 8'], [False, 'Pencil sketch', '-colorspace gray \\( +clone -tile ~/.config/variety/pencil_tile.png -draw "color 0,0 reset" +clone +swap -compose color_dodge -composite \\) -fx \'u*.2+v*.8\''], [False, 'Pointilism', '-spread 10 -noise 3'], [False, 'Pixellate', '-scale 3% -scale 3333%']]'
INFO: 2019-12-05 19:50:45,799: log_options() 'icon = Light'
INFO: 2019-12-05 19:50:45,799: log_options() 'lightness_enabled = False'
INFO: 2019-12-05 19:50:45,799: log_options() 'lightness_mode = 0'
INFO: 2019-12-05 19:50:45,800: log_options() 'min_rating = 4'
INFO: 2019-12-05 19:50:45,800: log_options() 'min_rating_enabled = False'
INFO: 2019-12-05 19:50:45,800: log_options() 'min_size = 80'
INFO: 2019-12-05 19:50:45,800: log_options() 'min_size_enabled = True'
INFO: 2019-12-05 19:50:45,800: log_options() 'quota_enabled = False'
INFO: 2019-12-05 19:50:45,800: log_options() 'quota_size = 500'
INFO: 2019-12-05 19:50:45,800: log_options() 'quotes_authors = '
INFO: 2019-12-05 19:50:45,800: log_options() 'quotes_bg_color = [80, 80, 80]'
INFO: 2019-12-05 19:50:45,800: log_options() 'quotes_bg_opacity = 55'
INFO: 2019-12-05 19:50:45,800: log_options() 'quotes_change_enabled = False'
INFO: 2019-12-05 19:50:45,800: log_options() 'quotes_change_interval = 300'
INFO: 2019-12-05 19:50:45,800: log_options() 'quotes_disabled_sources = ['QuotesDaddy']'
INFO: 2019-12-05 19:50:45,800: log_options() 'quotes_enabled = False'
INFO: 2019-12-05 19:50:45,800: log_options() 'quotes_favorites_file = /home/niel/.config/variety/favorite_quotes.txt'
INFO: 2019-12-05 19:50:45,800: log_options() 'quotes_font = Bitstream Charter 30'
INFO: 2019-12-05 19:50:45,801: log_options() 'quotes_hpos = 100'
INFO: 2019-12-05 19:50:45,801: log_options() 'quotes_tags = '
INFO: 2019-12-05 19:50:45,801: log_options() 'quotes_text_color = [255, 255, 255]'
INFO: 2019-12-05 19:50:45,801: log_options() 'quotes_text_shadow = False'
INFO: 2019-12-05 19:50:45,801: log_options() 'quotes_vpos = 40'
INFO: 2019-12-05 19:50:45,801: log_options() 'quotes_width = 70'
INFO: 2019-12-05 19:50:45,801: log_options() 'safe_mode = False'
INFO: 2019-12-05 19:50:45,801: log_options() 'slideshow_custom_enabled = False'
INFO: 2019-12-05 19:50:45,801: log_options() 'slideshow_custom_folder = /home/niel/Pictures'
INFO: 2019-12-05 19:50:45,801: log_options() 'slideshow_downloads_enabled = False'
INFO: 2019-12-05 19:50:45,801: log_options() 'slideshow_fade = 0.4'
INFO: 2019-12-05 19:50:45,801: log_options() 'slideshow_favorites_enabled = True'
INFO: 2019-12-05 19:50:45,801: log_options() 'slideshow_mode = Fullscreen'
INFO: 2019-12-05 19:50:45,801: log_options() 'slideshow_monitor = All'
INFO: 2019-12-05 19:50:45,801: log_options() 'slideshow_pan = 0.05'
INFO: 2019-12-05 19:50:45,802: log_options() 'slideshow_seconds = 6.0'
INFO: 2019-12-05 19:50:45,802: log_options() 'slideshow_sort_order = Random'
INFO: 2019-12-05 19:50:45,802: log_options() 'slideshow_sources_enabled = True'
INFO: 2019-12-05 19:50:45,802: log_options() 'slideshow_zoom = 0.2'
INFO: 2019-12-05 19:50:45,802: log_options() 'smart_enabled = False'
INFO: 2019-12-05 19:50:45,802: log_options() 'smart_notice_shown = True'
INFO: 2019-12-05 19:50:45,802: log_options() 'smart_register_shown = False'
INFO: 2019-12-05 19:50:45,802: log_options() 'sources = [[True, 3, 'The Favorites folder'], [False, 4, 'The Fetched folder'], [True, 2, '/usr/share/backgrounds'], [False, 6, 'Random wallpapers from Desktoppr.co'], [False, 15, 'Bing Photo of the Day'], [False, 16, 'High-resolution photos from Unsplash.com'], [False, 8, "NASA's Astronomy Picture of the Day"], [False, 11, 'World Sunlight Map - live wallpaper from Die.net'], [False, 7, 'user:www.flickr.com/photos/peter-levi/;user_id:93647178@N00;']]'
INFO: 2019-12-05 19:50:45,802: log_options() 'stats_enabled = True'
INFO: 2019-12-05 19:50:45,802: log_options() 'stats_notice_shown = True'
INFO: 2019-12-05 19:50:45,802: log_options() 'sync_enabled = True'
INFO: 2019-12-05 19:50:45,802: log_options() 'use_landscape_enabled = True'
INFO: 2019-12-05 19:50:45,802: reload_config() 'No need to clear prepared queue'
INFO: 2019-12-05 19:50:45,803: load_last_change_time() 'Change interval < 6 hours, ignore persisted last_change_time, wait initially the whole interval: 1800'
INFO: 2019-12-05 19:50:45,803: update_indicator() 'Setting file info to: /usr/share/backgrounds/arcolinux/Protocol-19-Glaucous-Blue-1920x1080-HD.jpg'
INFO: 2019-12-05 19:50:45,810: regular_change_thread() 'regular_change thread running'
INFO: 2019-12-05 19:50:45,810: prepare_thread() 'Prepare thread running'
INFO: 2019-12-05 19:50:45,810: prepare_thread() 'Prepared buffer contains 0 images'
INFO: 2019-12-05 19:50:45,810: prepare_thread() 'Preparing some images'
INFO: 2019-12-05 19:50:45,843: prepare_thread() 'After search prepared buffer contains 27 images'
INFO: 2019-12-05 19:50:45,880: update_indicator_icon() 'Creating indicator'
WARNING: 2019-12-05 19:50:45,894: create_menu() 'Variety Slideshow is not installed. This is an optional extension adding pan-and-zoom slideshows to Variety: see https://github.com/peterlevi/variety-slideshow for details'
INFO: 2019-12-05 19:50:45,895: create_indicator() 'indicator backend: fallback tray'
INFO: 2019-12-05 19:50:45,904: do_set_wp() 'Calling do_set_wp with /usr/share/backgrounds/arcolinux/Protocol-19-Glaucous-Blue-1920x1080-HD.jpg, time: 1575571845.9039881'
INFO: 2019-12-05 19:50:45,918: update_indicator() 'Setting file info to: /usr/share/backgrounds/arcolinux/Protocol-19-Glaucous-Blue-1920x1080-HD.jpg'
INFO: 2019-12-05 19:50:45,963: set_from_theme_icon() 'Showing status icon variety-indicator from GTK theme'
INFO: 2019-12-05 19:50:45,967: update_indicator() 'Setting file info to: /usr/share/backgrounds/arcolinux/Protocol-19-Glaucous-Blue-1920x1080-HD.jpg'
INFO: 2019-12-05 19:50:48,526: reload() 'Reloading preferences dialog'
INFO: 2019-12-05 19:50:50,810: set_wallpaper() 'Calling set_wallpaper with /usr/share/backgrounds/arcolinux/yosemite-mountains-3250x1828.jpg'
INFO: 2019-12-05 19:50:50,811: prepare_thread() 'Prepared buffer contains 26 images'
INFO: 2019-12-05 19:50:50,811: do_set_wp() 'Calling do_set_wp with /usr/share/backgrounds/arcolinux/yosemite-mountains-3250x1828.jpg, time: 1575571850.811618'
INFO: 2019-12-05 19:50:50,835: update_indicator() 'Setting file info to: /usr/share/backgrounds/arcolinux/yosemite-mountains-3250x1828.jpg'
INFO: 2019-12-05 19:51:05,829: server_options_thread() 'Fetching server options from http://tiny.cc/variety-options-063'
ERROR: 2019-12-05 19:51:05,847: server_options_thread() 'Could not fetch Variety serverside options'
Traceback (most recent call last):
  File "/usr/lib/python3.8/site-packages/urllib3/connection.py", line 156, in _new_conn
    conn = connection.create_connection(
  File "/usr/lib/python3.8/site-packages/urllib3/util/connection.py", line 61, in create_connection
    for res in socket.getaddrinfo(host, port, family, socket.SOCK_STREAM):
  File "/usr/lib/python3.8/socket.py", line 914, in getaddrinfo
    for res in _socket.getaddrinfo(host, port, family, type, proto, flags):
socket.gaierror: [Errno -2] Name or service not known

During handling of the above exception, another exception occurred:

Traceback (most recent call last):
  File "/usr/lib/python3.8/site-packages/urllib3/connectionpool.py", line 665, in urlopen
    httplib_response = self._make_request(
  File "/usr/lib/python3.8/site-packages/urllib3/connectionpool.py", line 387, in _make_request
    conn.request(method, url, **httplib_request_kw)
  File "/usr/lib/python3.8/http/client.py", line 1230, in request
    self._send_request(method, url, body, headers, encode_chunked)
  File "/usr/lib/python3.8/http/client.py", line 1276, in _send_request
    self.endheaders(body, encode_chunked=encode_chunked)
  File "/usr/lib/python3.8/http/client.py", line 1225, in endheaders
    self._send_output(message_body, encode_chunked=encode_chunked)
  File "/usr/lib/python3.8/http/client.py", line 1004, in _send_output
    self.send(msg)
  File "/usr/lib/python3.8/http/client.py", line 944, in send
    self.connect()
  File "/usr/lib/python3.8/site-packages/urllib3/connection.py", line 184, in connect
    conn = self._new_conn()
  File "/usr/lib/python3.8/site-packages/urllib3/connection.py", line 168, in _new_conn
    raise NewConnectionError(
urllib3.exceptions.NewConnectionError: <urllib3.connection.HTTPConnection object at 0x7f0502fa5f40>: Failed to establish a new connection: [Errno -2] Name or service not known

During handling of the above exception, another exception occurred:

Traceback (most recent call last):
  File "/usr/lib/python3.8/site-packages/requests/adapters.py", line 439, in send
    resp = conn.urlopen(
  File "/usr/lib/python3.8/site-packages/urllib3/connectionpool.py", line 719, in urlopen
    retries = retries.increment(
  File "/usr/lib/python3.8/site-packages/urllib3/util/retry.py", line 436, in increment
    raise MaxRetryError(_pool, url, error or ResponseError(cause))
urllib3.exceptions.MaxRetryError: HTTPConnectionPool(host='tiny.cc', port=80): Max retries exceeded with url: /variety-options-063 (Caused by NewConnectionError('<urllib3.connection.HTTPConnection object at 0x7f0502fa5f40>: Failed to establish a new connection: [Errno -2] Name or service not known'))

During handling of the above exception, another exception occurred:

Traceback (most recent call last):
  File "/usr/lib/python3.8/site-packages/variety/VarietyWindow.py", line 939, in server_options_thread
    self.server_options = Util.fetch_json(VarietyWindow.SERVERSIDE_OPTIONS_URL)
  File "/usr/lib/python3.8/site-packages/variety/Util.py", line 593, in fetch_json
    return Util.request(url, data).json()
  File "/usr/lib/python3.8/site-packages/variety/Util.py", line 565, in request
    r = requests.request(method=method,
  File "/usr/lib/python3.8/site-packages/requests/api.py", line 60, in request
    return session.request(method=method, url=url, **kwargs)
  File "/usr/lib/python3.8/site-packages/requests/sessions.py", line 533, in request
    resp = self.send(prep, **send_kwargs)
  File "/usr/lib/python3.8/site-packages/requests/sessions.py", line 646, in send
    r = adapter.send(request, **kwargs)
  File "/usr/lib/python3.8/site-packages/requests/adapters.py", line 516, in send
    raise ConnectionError(e, request=request)
requests.exceptions.ConnectionError: HTTPConnectionPool(host='tiny.cc', port=80): Max retries exceeded with url: /variety-options-063 (Caused by NewConnectionError('<urllib3.connection.HTTPConnection object at 0x7f0502fa5f40>: Failed to establish a new connection: [Errno -2] Name or service not known'))
INFO: 2019-12-05 19:51:35,859: server_options_thread() 'Fetching server options from http://tiny.cc/variety-options-063'
ERROR: 2019-12-05 19:51:35,863: server_options_thread() 'Could not fetch Variety serverside options'
Traceback (most recent call last):
  File "/usr/lib/python3.8/site-packages/urllib3/connection.py", line 156, in _new_conn
    conn = connection.create_connection(
  File "/usr/lib/python3.8/site-packages/urllib3/util/connection.py", line 61, in create_connection
    for res in socket.getaddrinfo(host, port, family, socket.SOCK_STREAM):
  File "/usr/lib/python3.8/socket.py", line 914, in getaddrinfo
    for res in _socket.getaddrinfo(host, port, family, type, proto, flags):
socket.gaierror: [Errno -2] Name or service not known

During handling of the above exception, another exception occurred:

Traceback (most recent call last):
  File "/usr/lib/python3.8/site-packages/urllib3/connectionpool.py", line 665, in urlopen
    httplib_response = self._make_request(
  File "/usr/lib/python3.8/site-packages/urllib3/connectionpool.py", line 387, in _make_request
    conn.request(method, url, **httplib_request_kw)
  File "/usr/lib/python3.8/http/client.py", line 1230, in request
    self._send_request(method, url, body, headers, encode_chunked)
  File "/usr/lib/python3.8/http/client.py", line 1276, in _send_request
    self.endheaders(body, encode_chunked=encode_chunked)
  File "/usr/lib/python3.8/http/client.py", line 1225, in endheaders
    self._send_output(message_body, encode_chunked=encode_chunked)
  File "/usr/lib/python3.8/http/client.py", line 1004, in _send_output
    self.send(msg)
  File "/usr/lib/python3.8/http/client.py", line 944, in send
    self.connect()
  File "/usr/lib/python3.8/site-packages/urllib3/connection.py", line 184, in connect
    conn = self._new_conn()
  File "/usr/lib/python3.8/site-packages/urllib3/connection.py", line 168, in _new_conn
    raise NewConnectionError(
urllib3.exceptions.NewConnectionError: <urllib3.connection.HTTPConnection object at 0x7f0502fa5dc0>: Failed to establish a new connection: [Errno -2] Name or service not known

During handling of the above exception, another exception occurred:

Traceback (most recent call last):
  File "/usr/lib/python3.8/site-packages/requests/adapters.py", line 439, in send
    resp = conn.urlopen(
  File "/usr/lib/python3.8/site-packages/urllib3/connectionpool.py", line 719, in urlopen
    retries = retries.increment(
  File "/usr/lib/python3.8/site-packages/urllib3/util/retry.py", line 436, in increment
    raise MaxRetryError(_pool, url, error or ResponseError(cause))
urllib3.exceptions.MaxRetryError: HTTPConnectionPool(host='tiny.cc', port=80): Max retries exceeded with url: /variety-options-063 (Caused by NewConnectionError('<urllib3.connection.HTTPConnection object at 0x7f0502fa5dc0>: Failed to establish a new connection: [Errno -2] Name or service not known'))

During handling of the above exception, another exception occurred:

Traceback (most recent call last):
  File "/usr/lib/python3.8/site-packages/variety/VarietyWindow.py", line 939, in server_options_thread
    self.server_options = Util.fetch_json(VarietyWindow.SERVERSIDE_OPTIONS_URL)
  File "/usr/lib/python3.8/site-packages/variety/Util.py", line 593, in fetch_json
    return Util.request(url, data).json()
  File "/usr/lib/python3.8/site-packages/variety/Util.py", line 565, in request
    r = requests.request(method=method,
  File "/usr/lib/python3.8/site-packages/requests/api.py", line 60, in request
    return session.request(method=method, url=url, **kwargs)
  File "/usr/lib/python3.8/site-packages/requests/sessions.py", line 533, in request
    resp = self.send(prep, **send_kwargs)
  File "/usr/lib/python3.8/site-packages/requests/sessions.py", line 646, in send
    r = adapter.send(request, **kwargs)
  File "/usr/lib/python3.8/site-packages/requests/adapters.py", line 516, in send
    raise ConnectionError(e, request=request)
requests.exceptions.ConnectionError: HTTPConnectionPool(host='tiny.cc', port=80): Max retries exceeded with url: /variety-options-063 (Caused by NewConnectionError('<urllib3.connection.HTTPConnection object at 0x7f0502fa5dc0>: Failed to establish a new connection: [Errno -2] Name or service not known'))
INFO: 2019-12-05 19:52:05,892: server_options_thread() 'Fetching server options from http://tiny.cc/variety-options-063'
ERROR: 2019-12-05 19:52:05,896: server_options_thread() 'Could not fetch Variety serverside options'
Traceback (most recent call last):
  File "/usr/lib/python3.8/site-packages/urllib3/connection.py", line 156, in _new_conn
    conn = connection.create_connection(
  File "/usr/lib/python3.8/site-packages/urllib3/util/connection.py", line 61, in create_connection
    for res in socket.getaddrinfo(host, port, family, socket.SOCK_STREAM):
  File "/usr/lib/python3.8/socket.py", line 914, in getaddrinfo
    for res in _socket.getaddrinfo(host, port, family, type, proto, flags):
socket.gaierror: [Errno -2] Name or service not known

During handling of the above exception, another exception occurred:

Traceback (most recent call last):
  File "/usr/lib/python3.8/site-packages/urllib3/connectionpool.py", line 665, in urlopen
    httplib_response = self._make_request(
  File "/usr/lib/python3.8/site-packages/urllib3/connectionpool.py", line 387, in _make_request
    conn.request(method, url, **httplib_request_kw)
  File "/usr/lib/python3.8/http/client.py", line 1230, in request
    self._send_request(method, url, body, headers, encode_chunked)
  File "/usr/lib/python3.8/http/client.py", line 1276, in _send_request
    self.endheaders(body, encode_chunked=encode_chunked)
  File "/usr/lib/python3.8/http/client.py", line 1225, in endheaders
    self._send_output(message_body, encode_chunked=encode_chunked)
  File "/usr/lib/python3.8/http/client.py", line 1004, in _send_output
    self.send(msg)
  File "/usr/lib/python3.8/http/client.py", line 944, in send
    self.connect()
  File "/usr/lib/python3.8/site-packages/urllib3/connection.py", line 184, in connect
    conn = self._new_conn()
  File "/usr/lib/python3.8/site-packages/urllib3/connection.py", line 168, in _new_conn
    raise NewConnectionError(
urllib3.exceptions.NewConnectionError: <urllib3.connection.HTTPConnection object at 0x7f0502fa5f10>: Failed to establish a new connection: [Errno -2] Name or service not known

During handling of the above exception, another exception occurred:

Traceback (most recent call last):
  File "/usr/lib/python3.8/site-packages/requests/adapters.py", line 439, in send
    resp = conn.urlopen(
  File "/usr/lib/python3.8/site-packages/urllib3/connectionpool.py", line 719, in urlopen
    retries = retries.increment(
  File "/usr/lib/python3.8/site-packages/urllib3/util/retry.py", line 436, in increment
    raise MaxRetryError(_pool, url, error or ResponseError(cause))
urllib3.exceptions.MaxRetryError: HTTPConnectionPool(host='tiny.cc', port=80): Max retries exceeded with url: /variety-options-063 (Caused by NewConnectionError('<urllib3.connection.HTTPConnection object at 0x7f0502fa5f10>: Failed to establish a new connection: [Errno -2] Name or service not known'))

During handling of the above exception, another exception occurred:

Traceback (most recent call last):
  File "/usr/lib/python3.8/site-packages/variety/VarietyWindow.py", line 939, in server_options_thread
    self.server_options = Util.fetch_json(VarietyWindow.SERVERSIDE_OPTIONS_URL)
  File "/usr/lib/python3.8/site-packages/variety/Util.py", line 593, in fetch_json
    return Util.request(url, data).json()
  File "/usr/lib/python3.8/site-packages/variety/Util.py", line 565, in request
    r = requests.request(method=method,
  File "/usr/lib/python3.8/site-packages/requests/api.py", line 60, in request
    return session.request(method=method, url=url, **kwargs)
  File "/usr/lib/python3.8/site-packages/requests/sessions.py", line 533, in request
    resp = self.send(prep, **send_kwargs)
  File "/usr/lib/python3.8/site-packages/requests/sessions.py", line 646, in send
    r = adapter.send(request, **kwargs)
  File "/usr/lib/python3.8/site-packages/requests/adapters.py", line 516, in send
    raise ConnectionError(e, request=request)
requests.exceptions.ConnectionError: HTTPConnectionPool(host='tiny.cc', port=80): Max retries exceeded with url: /variety-options-063 (Caused by NewConnectionError('<urllib3.connection.HTTPConnection object at 0x7f0502fa5f10>: Failed to establish a new connection: [Errno -2] Name or service not known'))
INFO: 2019-12-05 19:52:35,927: server_options_thread() 'Fetching server options from http://tiny.cc/variety-options-063'
ERROR: 2019-12-05 19:52:35,930: server_options_thread() 'Could not fetch Variety serverside options'
Traceback (most recent call last):
  File "/usr/lib/python3.8/site-packages/urllib3/connection.py", line 156, in _new_conn
    conn = connection.create_connection(
  File "/usr/lib/python3.8/site-packages/urllib3/util/connection.py", line 61, in create_connection
    for res in socket.getaddrinfo(host, port, family, socket.SOCK_STREAM):
  File "/usr/lib/python3.8/socket.py", line 914, in getaddrinfo
    for res in _socket.getaddrinfo(host, port, family, type, proto, flags):
socket.gaierror: [Errno -2] Name or service not known

During handling of the above exception, another exception occurred:

Traceback (most recent call last):
  File "/usr/lib/python3.8/site-packages/urllib3/connectionpool.py", line 665, in urlopen
    httplib_response = self._make_request(
  File "/usr/lib/python3.8/site-packages/urllib3/connectionpool.py", line 387, in _make_request
    conn.request(method, url, **httplib_request_kw)
  File "/usr/lib/python3.8/http/client.py", line 1230, in request
    self._send_request(method, url, body, headers, encode_chunked)
  File "/usr/lib/python3.8/http/client.py", line 1276, in _send_request
    self.endheaders(body, encode_chunked=encode_chunked)
  File "/usr/lib/python3.8/http/client.py", line 1225, in endheaders
    self._send_output(message_body, encode_chunked=encode_chunked)
  File "/usr/lib/python3.8/http/client.py", line 1004, in _send_output
    self.send(msg)
  File "/usr/lib/python3.8/http/client.py", line 944, in send
    self.connect()
  File "/usr/lib/python3.8/site-packages/urllib3/connection.py", line 184, in connect
    conn = self._new_conn()
  File "/usr/lib/python3.8/site-packages/urllib3/connection.py", line 168, in _new_conn
    raise NewConnectionError(
urllib3.exceptions.NewConnectionError: <urllib3.connection.HTTPConnection object at 0x7f0502fa5f40>: Failed to establish a new connection: [Errno -2] Name or service not known

During handling of the above exception, another exception occurred:

Traceback (most recent call last):
  File "/usr/lib/python3.8/site-packages/requests/adapters.py", line 439, in send
    resp = conn.urlopen(
  File "/usr/lib/python3.8/site-packages/urllib3/connectionpool.py", line 719, in urlopen
    retries = retries.increment(
  File "/usr/lib/python3.8/site-packages/urllib3/util/retry.py", line 436, in increment
    raise MaxRetryError(_pool, url, error or ResponseError(cause))
urllib3.exceptions.MaxRetryError: HTTPConnectionPool(host='tiny.cc', port=80): Max retries exceeded with url: /variety-options-063 (Caused by NewConnectionError('<urllib3.connection.HTTPConnection object at 0x7f0502fa5f40>: Failed to establish a new connection: [Errno -2] Name or service not known'))

During handling of the above exception, another exception occurred:

Traceback (most recent call last):
  File "/usr/lib/python3.8/site-packages/variety/VarietyWindow.py", line 939, in server_options_thread
    self.server_options = Util.fetch_json(VarietyWindow.SERVERSIDE_OPTIONS_URL)
  File "/usr/lib/python3.8/site-packages/variety/Util.py", line 593, in fetch_json
    return Util.request(url, data).json()
  File "/usr/lib/python3.8/site-packages/variety/Util.py", line 565, in request
    r = requests.request(method=method,
  File "/usr/lib/python3.8/site-packages/requests/api.py", line 60, in request
    return session.request(method=method, url=url, **kwargs)
  File "/usr/lib/python3.8/site-packages/requests/sessions.py", line 533, in request
    resp = self.send(prep, **send_kwargs)
  File "/usr/lib/python3.8/site-packages/requests/sessions.py", line 646, in send
    r = adapter.send(request, **kwargs)
  File "/usr/lib/python3.8/site-packages/requests/adapters.py", line 516, in send
    raise ConnectionError(e, request=request)
requests.exceptions.ConnectionError: HTTPConnectionPool(host='tiny.cc', port=80): Max retries exceeded with url: /variety-options-063 (Caused by NewConnectionError('<urllib3.connection.HTTPConnection object at 0x7f0502fa5f40>: Failed to establish a new connection: [Errno -2] Name or service not known'))
INFO: 2019-12-05 19:53:05,949: server_options_thread() 'Fetching server options from http://tiny.cc/variety-options-063'
ERROR: 2019-12-05 19:53:05,954: server_options_thread() 'Could not fetch Variety serverside options'
Traceback (most recent call last):
  File "/usr/lib/python3.8/site-packages/urllib3/connection.py", line 156, in _new_conn
    conn = connection.create_connection(
  File "/usr/lib/python3.8/site-packages/urllib3/util/connection.py", line 61, in create_connection
    for res in socket.getaddrinfo(host, port, family, socket.SOCK_STREAM):
  File "/usr/lib/python3.8/socket.py", line 914, in getaddrinfo
    for res in _socket.getaddrinfo(host, port, family, type, proto, flags):
socket.gaierror: [Errno -2] Name or service not known

During handling of the above exception, another exception occurred:

Traceback (most recent call last):
  File "/usr/lib/python3.8/site-packages/urllib3/connectionpool.py", line 665, in urlopen
    httplib_response = self._make_request(
  File "/usr/lib/python3.8/site-packages/urllib3/connectionpool.py", line 387, in _make_request
    conn.request(method, url, **httplib_request_kw)
  File "/usr/lib/python3.8/http/client.py", line 1230, in request
    self._send_request(method, url, body, headers, encode_chunked)
  File "/usr/lib/python3.8/http/client.py", line 1276, in _send_request
    self.endheaders(body, encode_chunked=encode_chunked)
  File "/usr/lib/python3.8/http/client.py", line 1225, in endheaders
    self._send_output(message_body, encode_chunked=encode_chunked)
  File "/usr/lib/python3.8/http/client.py", line 1004, in _send_output
    self.send(msg)
  File "/usr/lib/python3.8/http/client.py", line 944, in send
    self.connect()
  File "/usr/lib/python3.8/site-packages/urllib3/connection.py", line 184, in connect
    conn = self._new_conn()
  File "/usr/lib/python3.8/site-packages/urllib3/connection.py", line 168, in _new_conn
    raise NewConnectionError(
urllib3.exceptions.NewConnectionError: <urllib3.connection.HTTPConnection object at 0x7f0502fa5c70>: Failed to establish a new connection: [Errno -2] Name or service not known

During handling of the above exception, another exception occurred:

Traceback (most recent call last):
  File "/usr/lib/python3.8/site-packages/requests/adapters.py", line 439, in send
    resp = conn.urlopen(
  File "/usr/lib/python3.8/site-packages/urllib3/connectionpool.py", line 719, in urlopen
    retries = retries.increment(
  File "/usr/lib/python3.8/site-packages/urllib3/util/retry.py", line 436, in increment
    raise MaxRetryError(_pool, url, error or ResponseError(cause))
urllib3.exceptions.MaxRetryError: HTTPConnectionPool(host='tiny.cc', port=80): Max retries exceeded with url: /variety-options-063 (Caused by NewConnectionError('<urllib3.connection.HTTPConnection object at 0x7f0502fa5c70>: Failed to establish a new connection: [Errno -2] Name or service not known'))

During handling of the above exception, another exception occurred:

Traceback (most recent call last):
  File "/usr/lib/python3.8/site-packages/variety/VarietyWindow.py", line 939, in server_options_thread
    self.server_options = Util.fetch_json(VarietyWindow.SERVERSIDE_OPTIONS_URL)
  File "/usr/lib/python3.8/site-packages/variety/Util.py", line 593, in fetch_json
    return Util.request(url, data).json()
  File "/usr/lib/python3.8/site-packages/variety/Util.py", line 565, in request
    r = requests.request(method=method,
  File "/usr/lib/python3.8/site-packages/requests/api.py", line 60, in request
    return session.request(method=method, url=url, **kwargs)
  File "/usr/lib/python3.8/site-packages/requests/sessions.py", line 533, in request
    resp = self.send(prep, **send_kwargs)
  File "/usr/lib/python3.8/site-packages/requests/sessions.py", line 646, in send
    r = adapter.send(request, **kwargs)
  File "/usr/lib/python3.8/site-packages/requests/adapters.py", line 516, in send
    raise ConnectionError(e, request=request)
requests.exceptions.ConnectionError: HTTPConnectionPool(host='tiny.cc', port=80): Max retries exceeded with url: /variety-options-063 (Caused by NewConnectionError('<urllib3.connection.HTTPConnection object at 0x7f0502fa5c70>: Failed to establish a new connection: [Errno -2] Name or service not known'))
INFO: 2019-12-05 19:53:29,228: process_command() 'Received command: ['--preferences']'
INFO: 2019-12-05 19:53:29,235: reload() 'Reloading preferences dialog'
INFO: 2019-12-05 19:53:57,019: apply() 'Applying preferences'
INFO: 2019-12-05 19:53:57,036: set_visible() 'Showing status icon'
INFO: 2019-12-05 19:53:57,036: set_from_theme_icon() 'Showing status icon variety-indicator from GTK theme'
INFO: 2019-12-05 19:53:57,037: log_options() 'Loaded options:'
INFO: 2019-12-05 19:53:57,037: log_options() 'change_enabled = True'
INFO: 2019-12-05 19:53:57,037: log_options() 'change_interval = 1800'
INFO: 2019-12-05 19:53:57,037: log_options() 'change_on_start = True'
INFO: 2019-12-05 19:53:57,037: log_options() 'clipboard_enabled = False'
INFO: 2019-12-05 19:53:57,037: log_options() 'clipboard_hosts = ['wallhaven.cc', 'wallpapers.net', 'flickr.com', 'imgur.com', 'deviantart.com', 'interfacelift.com', 'vladstudio.com', 'imageshack.us', 'deviantart.net', 'imageshack.com']'
INFO: 2019-12-05 19:53:57,037: log_options() 'clipboard_use_whitelist = True'
INFO: 2019-12-05 19:53:57,037: log_options() 'clock_date_font = Ubuntu Condensed, 30'
INFO: 2019-12-05 19:53:57,038: log_options() 'clock_enabled = False'
INFO: 2019-12-05 19:53:57,038: log_options() 'clock_filter = -density 100 -font `fc-match -f '%{file[0]}' '%CLOCK_FONT_NAME'` -pointsize %CLOCK_FONT_SIZE -gravity SouthEast -fill '#00000044' -annotate 0x0+[%HOFFSET+58]+[%VOFFSET+108] '%H:%M' -fill white -annotate 0x0+[%HOFFSET+60]+[%VOFFSET+110] '%H:%M' -font `fc-match -f '%{file[0]}' '%DATE_FONT_NAME'` -pointsize %DATE_FONT_SIZE -fill '#00000044' -annotate 0x0+[%HOFFSET+58]+[%VOFFSET+58] '%A, %B %d' -fill white -annotate 0x0+[%HOFFSET+60]+[%VOFFSET+60] '%A, %B %d''
INFO: 2019-12-05 19:53:57,038: log_options() 'clock_font = Ubuntu Condensed, 70'
INFO: 2019-12-05 19:53:57,038: log_options() 'configfile = /home/niel/.config/variety/variety.conf'
INFO: 2019-12-05 19:53:57,038: log_options() 'copyto_enabled = False'
INFO: 2019-12-05 19:53:57,038: log_options() 'copyto_folder = Default'
INFO: 2019-12-05 19:53:57,038: log_options() 'desired_color = [160, 160, 160]'
INFO: 2019-12-05 19:53:57,038: log_options() 'desired_color_enabled = False'
INFO: 2019-12-05 19:53:57,038: log_options() 'download_enabled = False'
INFO: 2019-12-05 19:53:57,039: log_options() 'download_folder = /home/niel/.config/variety/Downloaded'
INFO: 2019-12-05 19:53:57,039: log_options() 'download_interval = 600'
INFO: 2019-12-05 19:53:57,039: log_options() 'favorites_folder = /home/niel/.config/variety/Favorites'
INFO: 2019-12-05 19:53:57,039: log_options() 'favorites_operations = [['Downloaded', 'Copy'], ['Fetched', 'Move'], ['Others', 'Copy']]'
INFO: 2019-12-05 19:53:57,039: log_options() 'fetched_folder = /home/niel/.config/variety/Fetched'
INFO: 2019-12-05 19:53:57,039: log_options() 'filters = [[False, 'Keep original', ''], [False, 'Grayscale', '-type Grayscale'], [False, 'Heavy blur', '-blur 120x40'], [False, 'Soft blur', '-blur 20x7'], [False, 'Oil painting', '-paint 8'], [False, 'Pencil sketch', '-colorspace gray \\( +clone -tile ~/.config/variety/pencil_tile.png -draw "color 0,0 reset" +clone +swap -compose color_dodge -composite \\) -fx \'u*.2+v*.8\''], [False, 'Pointilism', '-spread 10 -noise 3'], [False, 'Pixellate', '-scale 3% -scale 3333%']]'
INFO: 2019-12-05 19:53:57,039: log_options() 'icon = Light'
INFO: 2019-12-05 19:53:57,039: log_options() 'lightness_enabled = False'
INFO: 2019-12-05 19:53:57,040: log_options() 'lightness_mode = 0'
INFO: 2019-12-05 19:53:57,040: log_options() 'min_rating = 4'
INFO: 2019-12-05 19:53:57,040: log_options() 'min_rating_enabled = False'
INFO: 2019-12-05 19:53:57,040: log_options() 'min_size = 80'
INFO: 2019-12-05 19:53:57,040: log_options() 'min_size_enabled = True'
INFO: 2019-12-05 19:53:57,040: log_options() 'quota_enabled = False'
INFO: 2019-12-05 19:53:57,040: log_options() 'quota_size = 500'
INFO: 2019-12-05 19:53:57,040: log_options() 'quotes_authors = '
INFO: 2019-12-05 19:53:57,040: log_options() 'quotes_bg_color = [80, 80, 80]'
INFO: 2019-12-05 19:53:57,041: log_options() 'quotes_bg_opacity = 55'
INFO: 2019-12-05 19:53:57,041: log_options() 'quotes_change_enabled = False'
INFO: 2019-12-05 19:53:57,041: log_options() 'quotes_change_interval = 300'
INFO: 2019-12-05 19:53:57,041: log_options() 'quotes_disabled_sources = ['QuotesDaddy']'
INFO: 2019-12-05 19:53:57,041: log_options() 'quotes_enabled = False'
INFO: 2019-12-05 19:53:57,042: log_options() 'quotes_favorites_file = /home/niel/.config/variety/favorite_quotes.txt'
INFO: 2019-12-05 19:53:57,042: log_options() 'quotes_font = Bitstream Charter 30'
INFO: 2019-12-05 19:53:57,042: log_options() 'quotes_hpos = 100'
INFO: 2019-12-05 19:53:57,042: log_options() 'quotes_tags = '
INFO: 2019-12-05 19:53:57,042: log_options() 'quotes_text_color = [255, 255, 255]'
INFO: 2019-12-05 19:53:57,042: log_options() 'quotes_text_shadow = False'
INFO: 2019-12-05 19:53:57,042: log_options() 'quotes_vpos = 40'
INFO: 2019-12-05 19:53:57,042: log_options() 'quotes_width = 70'
INFO: 2019-12-05 19:53:57,043: log_options() 'safe_mode = False'
INFO: 2019-12-05 19:53:57,043: log_options() 'slideshow_custom_enabled = False'
INFO: 2019-12-05 19:53:57,043: log_options() 'slideshow_custom_folder = /home/niel/Pictures'
INFO: 2019-12-05 19:53:57,043: log_options() 'slideshow_downloads_enabled = False'
INFO: 2019-12-05 19:53:57,043: log_options() 'slideshow_fade = 0.4'
INFO: 2019-12-05 19:53:57,043: log_options() 'slideshow_favorites_enabled = True'
INFO: 2019-12-05 19:53:57,043: log_options() 'slideshow_mode = Fullscreen'
INFO: 2019-12-05 19:53:57,043: log_options() 'slideshow_monitor = All'
INFO: 2019-12-05 19:53:57,043: log_options() 'slideshow_pan = 0.05'
INFO: 2019-12-05 19:53:57,044: log_options() 'slideshow_seconds = 6.0'
INFO: 2019-12-05 19:53:57,044: log_options() 'slideshow_sort_order = Random'
INFO: 2019-12-05 19:53:57,044: log_options() 'slideshow_sources_enabled = True'
INFO: 2019-12-05 19:53:57,044: log_options() 'slideshow_zoom = 0.2'
INFO: 2019-12-05 19:53:57,044: log_options() 'smart_enabled = False'
INFO: 2019-12-05 19:53:57,044: log_options() 'smart_notice_shown = True'
INFO: 2019-12-05 19:53:57,044: log_options() 'smart_register_shown = False'
INFO: 2019-12-05 19:53:57,044: log_options() 'sources = [[True, 3, 'The Favorites folder'], [False, 4, 'The Fetched folder'], [True, 2, '/usr/share/backgrounds'], [False, 6, 'Random wallpapers from Desktoppr.co'], [False, 15, 'Bing Photo of the Day'], [False, 16, 'High-resolution photos from Unsplash.com'], [False, 8, "NASA's Astronomy Picture of the Day"], [False, 11, 'World Sunlight Map - live wallpaper from Die.net'], [False, 7, 'user:www.flickr.com/photos/peter-levi/;user_id:93647178@N00;'], [True, 2, '/home/niel/DATA/wallpapers']]'
INFO: 2019-12-05 19:53:57,045: log_options() 'stats_enabled = True'
INFO: 2019-12-05 19:53:57,045: log_options() 'stats_notice_shown = True'
INFO: 2019-12-05 19:53:57,045: log_options() 'sync_enabled = True'
INFO: 2019-12-05 19:53:57,045: log_options() 'use_landscape_enabled = True'
INFO: 2019-12-05 19:53:57,045: clear_prepared_queue() 'Clearing prepared queue'
INFO: 2019-12-05 19:53:57,046: update_indicator() 'Setting file info to: /usr/share/backgrounds/arcolinux/yosemite-mountains-3250x1828.jpg'
INFO: 2019-12-05 19:53:57,046: prepare_thread() 'Prepared buffer contains 0 images'
INFO: 2019-12-05 19:53:57,047: prepare_thread() 'Preparing some images'
INFO: 2019-12-05 19:53:57,146: do_set_wp() 'Calling do_set_wp with /usr/share/backgrounds/arcolinux/yosemite-mountains-3250x1828.jpg, time: 1575572037.1467333'
INFO: 2019-12-05 19:53:57,168: update_indicator() 'Setting file info to: /usr/share/backgrounds/arcolinux/yosemite-mountains-3250x1828.jpg'
INFO: 2019-12-05 19:53:57,224: list_files() 'More than 1 files in the folders, stop listing'
INFO: 2019-12-05 19:53:58,439: prepare_thread() 'After search prepared buffer contains 97 images'
INFO: 2019-12-05 19:54:06,559: update_indicator() 'Setting file info to: /usr/share/backgrounds/arcolinux/yosemite-mountains-3250x1828.jpg'
INFO: 2019-12-05 19:54:35,976: apply() 'Applying preferences'
INFO: 2019-12-05 19:54:35,990: set_visible() 'Showing status icon'
INFO: 2019-12-05 19:54:35,990: reload_config() 'Creating new downloader for type 6, location Random wallpapers from Desktoppr.co'
INFO: 2019-12-05 19:54:35,990: set_from_theme_icon() 'Showing status icon variety-indicator from GTK theme'
INFO: 2019-12-05 19:54:35,991: log_options() 'Loaded options:'
INFO: 2019-12-05 19:54:35,991: log_options() 'change_enabled = True'
INFO: 2019-12-05 19:54:35,991: log_options() 'change_interval = 1800'
INFO: 2019-12-05 19:54:35,992: log_options() 'change_on_start = True'
INFO: 2019-12-05 19:54:35,992: log_options() 'clipboard_enabled = False'
INFO: 2019-12-05 19:54:35,992: log_options() 'clipboard_hosts = ['wallhaven.cc', 'wallpapers.net', 'flickr.com', 'imgur.com', 'deviantart.com', 'interfacelift.com', 'vladstudio.com', 'imageshack.us', 'deviantart.net', 'imageshack.com']'
INFO: 2019-12-05 19:54:35,992: log_options() 'clipboard_use_whitelist = True'
INFO: 2019-12-05 19:54:35,992: log_options() 'clock_date_font = Ubuntu Condensed, 30'
INFO: 2019-12-05 19:54:35,992: log_options() 'clock_enabled = False'
INFO: 2019-12-05 19:54:35,992: log_options() 'clock_filter = -density 100 -font `fc-match -f '%{file[0]}' '%CLOCK_FONT_NAME'` -pointsize %CLOCK_FONT_SIZE -gravity SouthEast -fill '#00000044' -annotate 0x0+[%HOFFSET+58]+[%VOFFSET+108] '%H:%M' -fill white -annotate 0x0+[%HOFFSET+60]+[%VOFFSET+110] '%H:%M' -font `fc-match -f '%{file[0]}' '%DATE_FONT_NAME'` -pointsize %DATE_FONT_SIZE -fill '#00000044' -annotate 0x0+[%HOFFSET+58]+[%VOFFSET+58] '%A, %B %d' -fill white -annotate 0x0+[%HOFFSET+60]+[%VOFFSET+60] '%A, %B %d''
INFO: 2019-12-05 19:54:35,993: log_options() 'clock_font = Ubuntu Condensed, 70'
INFO: 2019-12-05 19:54:35,993: log_options() 'configfile = /home/niel/.config/variety/variety.conf'
INFO: 2019-12-05 19:54:35,993: log_options() 'copyto_enabled = False'
INFO: 2019-12-05 19:54:35,993: log_options() 'copyto_folder = Default'
INFO: 2019-12-05 19:54:35,993: log_options() 'desired_color = [160, 160, 160]'
INFO: 2019-12-05 19:54:35,993: log_options() 'desired_color_enabled = False'
INFO: 2019-12-05 19:54:35,993: log_options() 'download_enabled = False'
INFO: 2019-12-05 19:54:35,993: log_options() 'download_folder = /home/niel/.config/variety/Downloaded'
INFO: 2019-12-05 19:54:35,993: log_options() 'download_interval = 600'
INFO: 2019-12-05 19:54:35,994: log_options() 'favorites_folder = /home/niel/.config/variety/Favorites'
INFO: 2019-12-05 19:54:35,994: log_options() 'favorites_operations = [['Downloaded', 'Copy'], ['Fetched', 'Move'], ['Others', 'Copy']]'
INFO: 2019-12-05 19:54:35,994: log_options() 'fetched_folder = /home/niel/.config/variety/Fetched'
INFO: 2019-12-05 19:54:35,994: log_options() 'filters = [[False, 'Keep original', ''], [False, 'Grayscale', '-type Grayscale'], [False, 'Heavy blur', '-blur 120x40'], [False, 'Soft blur', '-blur 20x7'], [False, 'Oil painting', '-paint 8'], [False, 'Pencil sketch', '-colorspace gray \\( +clone -tile ~/.config/variety/pencil_tile.png -draw "color 0,0 reset" +clone +swap -compose color_dodge -composite \\) -fx \'u*.2+v*.8\''], [False, 'Pointilism', '-spread 10 -noise 3'], [False, 'Pixellate', '-scale 3% -scale 3333%']]'
INFO: 2019-12-05 19:54:35,994: log_options() 'icon = Light'
INFO: 2019-12-05 19:54:35,994: log_options() 'lightness_enabled = False'
INFO: 2019-12-05 19:54:35,994: log_options() 'lightness_mode = 0'
INFO: 2019-12-05 19:54:35,994: log_options() 'min_rating = 4'
INFO: 2019-12-05 19:54:35,995: log_options() 'min_rating_enabled = False'
INFO: 2019-12-05 19:54:35,995: log_options() 'min_size = 80'
INFO: 2019-12-05 19:54:35,995: log_options() 'min_size_enabled = True'
INFO: 2019-12-05 19:54:35,995: log_options() 'quota_enabled = False'
INFO: 2019-12-05 19:54:35,995: log_options() 'quota_size = 500'
INFO: 2019-12-05 19:54:35,995: log_options() 'quotes_authors = '
INFO: 2019-12-05 19:54:35,995: log_options() 'quotes_bg_color = [80, 80, 80]'
INFO: 2019-12-05 19:54:35,995: log_options() 'quotes_bg_opacity = 55'
INFO: 2019-12-05 19:54:35,995: log_options() 'quotes_change_enabled = False'
INFO: 2019-12-05 19:54:35,996: log_options() 'quotes_change_interval = 300'
INFO: 2019-12-05 19:54:35,996: log_options() 'quotes_disabled_sources = ['QuotesDaddy']'
INFO: 2019-12-05 19:54:35,996: log_options() 'quotes_enabled = False'
INFO: 2019-12-05 19:54:35,996: log_options() 'quotes_favorites_file = /home/niel/.config/variety/favorite_quotes.txt'
INFO: 2019-12-05 19:54:35,996: log_options() 'quotes_font = Bitstream Charter 30'
INFO: 2019-12-05 19:54:35,996: log_options() 'quotes_hpos = 100'
INFO: 2019-12-05 19:54:35,996: log_options() 'quotes_tags = '
INFO: 2019-12-05 19:54:35,996: log_options() 'quotes_text_color = [255, 255, 255]'
INFO: 2019-12-05 19:54:35,996: log_options() 'quotes_text_shadow = False'
INFO: 2019-12-05 19:54:35,997: log_options() 'quotes_vpos = 40'
INFO: 2019-12-05 19:54:35,997: log_options() 'quotes_width = 70'
INFO: 2019-12-05 19:54:35,997: log_options() 'safe_mode = False'
INFO: 2019-12-05 19:54:35,997: log_options() 'slideshow_custom_enabled = False'
INFO: 2019-12-05 19:54:35,997: log_options() 'slideshow_custom_folder = /home/niel/Pictures'
INFO: 2019-12-05 19:54:35,997: log_options() 'slideshow_downloads_enabled = False'
INFO: 2019-12-05 19:54:35,997: log_options() 'slideshow_fade = 0.4'
INFO: 2019-12-05 19:54:35,997: log_options() 'slideshow_favorites_enabled = True'
INFO: 2019-12-05 19:54:35,997: log_options() 'slideshow_mode = Fullscreen'
INFO: 2019-12-05 19:54:35,998: log_options() 'slideshow_monitor = All'
INFO: 2019-12-05 19:54:35,998: log_options() 'slideshow_pan = 0.05'
INFO: 2019-12-05 19:54:35,998: log_options() 'slideshow_seconds = 6.0'
INFO: 2019-12-05 19:54:35,998: log_options() 'slideshow_sort_order = Random'
INFO: 2019-12-05 19:54:35,998: log_options() 'slideshow_sources_enabled = True'
INFO: 2019-12-05 19:54:35,998: log_options() 'slideshow_zoom = 0.2'
INFO: 2019-12-05 19:54:35,998: log_options() 'smart_enabled = False'
INFO: 2019-12-05 19:54:35,998: log_options() 'smart_notice_shown = True'
INFO: 2019-12-05 19:54:35,998: log_options() 'smart_register_shown = False'
INFO: 2019-12-05 19:54:35,999: log_options() 'sources = [[True, 3, 'The Favorites folder'], [False, 4, 'The Fetched folder'], [True, 2, '/usr/share/backgrounds'], [True, 6, 'Random wallpapers from Desktoppr.co'], [False, 15, 'Bing Photo of the Day'], [False, 16, 'High-resolution photos from Unsplash.com'], [False, 8, "NASA's Astronomy Picture of the Day"], [False, 11, 'World Sunlight Map - live wallpaper from Die.net'], [False, 7, 'user:www.flickr.com/photos/peter-levi/;user_id:93647178@N00;'], [True, 2, '/home/niel/DATA/wallpapers']]'
INFO: 2019-12-05 19:54:35,999: log_options() 'stats_enabled = True'
INFO: 2019-12-05 19:54:35,999: log_options() 'stats_notice_shown = True'
INFO: 2019-12-05 19:54:35,999: log_options() 'sync_enabled = True'
INFO: 2019-12-05 19:54:35,999: log_options() 'use_landscape_enabled = True'
INFO: 2019-12-05 19:54:35,999: clear_prepared_queue() 'Clearing prepared queue'
INFO: 2019-12-05 19:54:36,000: prepare_thread() 'Prepared buffer contains 0 images'
INFO: 2019-12-05 19:54:36,000: update_indicator() 'Setting file info to: /usr/share/backgrounds/arcolinux/yosemite-mountains-3250x1828.jpg'
INFO: 2019-12-05 19:54:36,000: prepare_thread() 'Preparing some images'
INFO: 2019-12-05 19:54:36,100: do_set_wp() 'Calling do_set_wp with /usr/share/backgrounds/arcolinux/yosemite-mountains-3250x1828.jpg, time: 1575572076.1007602'
INFO: 2019-12-05 19:54:36,116: update_indicator() 'Setting file info to: /usr/share/backgrounds/arcolinux/yosemite-mountains-3250x1828.jpg'
INFO: 2019-12-05 19:54:36,821: prepare_thread() 'After search prepared buffer contains 95 images'
INFO: 2019-12-05 19:54:36,821: prepare_thread() 'Prepared buffer contains 95 images'
INFO: 2019-12-05 19:54:37,646: apply() 'Applying preferences'
INFO: 2019-12-05 19:54:37,659: set_visible() 'Showing status icon'
INFO: 2019-12-05 19:54:37,660: set_from_theme_icon() 'Showing status icon variety-indicator from GTK theme'
INFO: 2019-12-05 19:54:37,660: log_options() 'Loaded options:'
INFO: 2019-12-05 19:54:37,660: log_options() 'change_enabled = True'
INFO: 2019-12-05 19:54:37,660: log_options() 'change_interval = 1800'
INFO: 2019-12-05 19:54:37,660: log_options() 'change_on_start = True'
INFO: 2019-12-05 19:54:37,660: log_options() 'clipboard_enabled = False'
INFO: 2019-12-05 19:54:37,661: log_options() 'clipboard_hosts = ['wallhaven.cc', 'wallpapers.net', 'flickr.com', 'imgur.com', 'deviantart.com', 'interfacelift.com', 'vladstudio.com', 'imageshack.us', 'deviantart.net', 'imageshack.com']'
INFO: 2019-12-05 19:54:37,661: log_options() 'clipboard_use_whitelist = True'
INFO: 2019-12-05 19:54:37,661: log_options() 'clock_date_font = Ubuntu Condensed, 30'
INFO: 2019-12-05 19:54:37,661: log_options() 'clock_enabled = False'
INFO: 2019-12-05 19:54:37,661: log_options() 'clock_filter = -density 100 -font `fc-match -f '%{file[0]}' '%CLOCK_FONT_NAME'` -pointsize %CLOCK_FONT_SIZE -gravity SouthEast -fill '#00000044' -annotate 0x0+[%HOFFSET+58]+[%VOFFSET+108] '%H:%M' -fill white -annotate 0x0+[%HOFFSET+60]+[%VOFFSET+110] '%H:%M' -font `fc-match -f '%{file[0]}' '%DATE_FONT_NAME'` -pointsize %DATE_FONT_SIZE -fill '#00000044' -annotate 0x0+[%HOFFSET+58]+[%VOFFSET+58] '%A, %B %d' -fill white -annotate 0x0+[%HOFFSET+60]+[%VOFFSET+60] '%A, %B %d''
INFO: 2019-12-05 19:54:37,661: log_options() 'clock_font = Ubuntu Condensed, 70'
INFO: 2019-12-05 19:54:37,662: log_options() 'configfile = /home/niel/.config/variety/variety.conf'
INFO: 2019-12-05 19:54:37,662: log_options() 'copyto_enabled = False'
INFO: 2019-12-05 19:54:37,662: log_options() 'copyto_folder = Default'
INFO: 2019-12-05 19:54:37,662: log_options() 'desired_color = [160, 160, 160]'
INFO: 2019-12-05 19:54:37,662: log_options() 'desired_color_enabled = False'
INFO: 2019-12-05 19:54:37,662: log_options() 'download_enabled = False'
INFO: 2019-12-05 19:54:37,662: log_options() 'download_folder = /home/niel/.config/variety/Downloaded'
INFO: 2019-12-05 19:54:37,662: log_options() 'download_interval = 600'
INFO: 2019-12-05 19:54:37,662: log_options() 'favorites_folder = /home/niel/.config/variety/Favorites'
INFO: 2019-12-05 19:54:37,662: log_options() 'favorites_operations = [['Downloaded', 'Copy'], ['Fetched', 'Move'], ['Others', 'Copy']]'
INFO: 2019-12-05 19:54:37,663: log_options() 'fetched_folder = /home/niel/.config/variety/Fetched'
INFO: 2019-12-05 19:54:37,663: log_options() 'filters = [[False, 'Keep original', ''], [False, 'Grayscale', '-type Grayscale'], [False, 'Heavy blur', '-blur 120x40'], [False, 'Soft blur', '-blur 20x7'], [False, 'Oil painting', '-paint 8'], [False, 'Pencil sketch', '-colorspace gray \\( +clone -tile ~/.config/variety/pencil_tile.png -draw "color 0,0 reset" +clone +swap -compose color_dodge -composite \\) -fx \'u*.2+v*.8\''], [False, 'Pointilism', '-spread 10 -noise 3'], [False, 'Pixellate', '-scale 3% -scale 3333%']]'
INFO: 2019-12-05 19:54:37,663: log_options() 'icon = Light'
INFO: 2019-12-05 19:54:37,663: log_options() 'lightness_enabled = False'
INFO: 2019-12-05 19:54:37,663: log_options() 'lightness_mode = 0'
INFO: 2019-12-05 19:54:37,663: log_options() 'min_rating = 4'
INFO: 2019-12-05 19:54:37,663: log_options() 'min_rating_enabled = False'
INFO: 2019-12-05 19:54:37,663: log_options() 'min_size = 80'
INFO: 2019-12-05 19:54:37,663: log_options() 'min_size_enabled = True'
INFO: 2019-12-05 19:54:37,663: log_options() 'quota_enabled = False'
INFO: 2019-12-05 19:54:37,664: log_options() 'quota_size = 500'
INFO: 2019-12-05 19:54:37,664: log_options() 'quotes_authors = '
INFO: 2019-12-05 19:54:37,664: log_options() 'quotes_bg_color = [80, 80, 80]'
INFO: 2019-12-05 19:54:37,664: log_options() 'quotes_bg_opacity = 55'
INFO: 2019-12-05 19:54:37,664: log_options() 'quotes_change_enabled = False'
INFO: 2019-12-05 19:54:37,664: log_options() 'quotes_change_interval = 300'
INFO: 2019-12-05 19:54:37,664: log_options() 'quotes_disabled_sources = ['QuotesDaddy']'
INFO: 2019-12-05 19:54:37,664: log_options() 'quotes_enabled = False'
INFO: 2019-12-05 19:54:37,664: log_options() 'quotes_favorites_file = /home/niel/.config/variety/favorite_quotes.txt'
INFO: 2019-12-05 19:54:37,664: log_options() 'quotes_font = Bitstream Charter 30'
INFO: 2019-12-05 19:54:37,664: log_options() 'quotes_hpos = 100'
INFO: 2019-12-05 19:54:37,665: log_options() 'quotes_tags = '
INFO: 2019-12-05 19:54:37,665: log_options() 'quotes_text_color = [255, 255, 255]'
INFO: 2019-12-05 19:54:37,665: log_options() 'quotes_text_shadow = False'
INFO: 2019-12-05 19:54:37,665: log_options() 'quotes_vpos = 40'
INFO: 2019-12-05 19:54:37,665: log_options() 'quotes_width = 70'
INFO: 2019-12-05 19:54:37,665: log_options() 'safe_mode = False'
INFO: 2019-12-05 19:54:37,665: log_options() 'slideshow_custom_enabled = False'
INFO: 2019-12-05 19:54:37,665: log_options() 'slideshow_custom_folder = /home/niel/Pictures'
INFO: 2019-12-05 19:54:37,665: log_options() 'slideshow_downloads_enabled = False'
INFO: 2019-12-05 19:54:37,665: log_options() 'slideshow_fade = 0.4'
INFO: 2019-12-05 19:54:37,666: log_options() 'slideshow_favorites_enabled = True'
INFO: 2019-12-05 19:54:37,666: log_options() 'slideshow_mode = Fullscreen'
INFO: 2019-12-05 19:54:37,666: log_options() 'slideshow_monitor = All'
INFO: 2019-12-05 19:54:37,666: log_options() 'slideshow_pan = 0.05'
INFO: 2019-12-05 19:54:37,666: log_options() 'slideshow_seconds = 6.0'
INFO: 2019-12-05 19:54:37,666: log_options() 'slideshow_sort_order = Random'
INFO: 2019-12-05 19:54:37,666: log_options() 'slideshow_sources_enabled = True'
INFO: 2019-12-05 19:54:37,666: log_options() 'slideshow_zoom = 0.2'
INFO: 2019-12-05 19:54:37,666: log_options() 'smart_enabled = False'
INFO: 2019-12-05 19:54:37,666: log_options() 'smart_notice_shown = True'
INFO: 2019-12-05 19:54:37,667: log_options() 'smart_register_shown = False'
INFO: 2019-12-05 19:54:37,667: log_options() 'sources = [[True, 3, 'The Favorites folder'], [True, 4, 'The Fetched folder'], [True, 2, '/usr/share/backgrounds'], [True, 6, 'Random wallpapers from Desktoppr.co'], [False, 15, 'Bing Photo of the Day'], [False, 16, 'High-resolution photos from Unsplash.com'], [False, 8, "NASA's Astronomy Picture of the Day"], [False, 11, 'World Sunlight Map - live wallpaper from Die.net'], [False, 7, 'user:www.flickr.com/photos/peter-levi/;user_id:93647178@N00;'], [True, 2, '/home/niel/DATA/wallpapers']]'
INFO: 2019-12-05 19:54:37,667: log_options() 'stats_enabled = True'
INFO: 2019-12-05 19:54:37,667: log_options() 'stats_notice_shown = True'
INFO: 2019-12-05 19:54:37,667: log_options() 'sync_enabled = True'
INFO: 2019-12-05 19:54:37,667: log_options() 'use_landscape_enabled = True'
INFO: 2019-12-05 19:54:37,667: clear_prepared_queue() 'Clearing prepared queue'
INFO: 2019-12-05 19:54:37,667: prepare_thread() 'Prepared buffer contains 0 images'
INFO: 2019-12-05 19:54:37,668: update_indicator() 'Setting file info to: /usr/share/backgrounds/arcolinux/yosemite-mountains-3250x1828.jpg'
INFO: 2019-12-05 19:54:37,668: prepare_thread() 'Preparing some images'
INFO: 2019-12-05 19:54:37,768: do_set_wp() 'Calling do_set_wp with /usr/share/backgrounds/arcolinux/yosemite-mountains-3250x1828.jpg, time: 1575572077.7688158'
INFO: 2019-12-05 19:54:37,784: update_indicator() 'Setting file info to: /usr/share/backgrounds/arcolinux/yosemite-mountains-3250x1828.jpg'
INFO: 2019-12-05 19:54:38,226: prepare_thread() 'After search prepared buffer contains 95 images'
INFO: 2019-12-05 19:54:38,226: prepare_thread() 'Prepared buffer contains 95 images'
INFO: 2019-12-05 19:54:43,241: trigger_download() 'Triggering one download'
INFO: 2019-12-05 19:54:43,340: apply() 'Applying preferences'
INFO: 2019-12-05 19:54:43,355: set_visible() 'Showing status icon'
INFO: 2019-12-05 19:54:43,355: set_from_theme_icon() 'Showing status icon variety-indicator from GTK theme'
INFO: 2019-12-05 19:54:43,356: log_options() 'Loaded options:'
INFO: 2019-12-05 19:54:43,356: log_options() 'change_enabled = True'
INFO: 2019-12-05 19:54:43,356: log_options() 'change_interval = 1800'
INFO: 2019-12-05 19:54:43,356: log_options() 'change_on_start = True'
INFO: 2019-12-05 19:54:43,356: log_options() 'clipboard_enabled = False'
INFO: 2019-12-05 19:54:43,357: log_options() 'clipboard_hosts = ['wallhaven.cc', 'wallpapers.net', 'flickr.com', 'imgur.com', 'deviantart.com', 'interfacelift.com', 'vladstudio.com', 'imageshack.us', 'deviantart.net', 'imageshack.com']'
INFO: 2019-12-05 19:54:43,357: log_options() 'clipboard_use_whitelist = True'
INFO: 2019-12-05 19:54:43,357: log_options() 'clock_date_font = Ubuntu Condensed, 30'
INFO: 2019-12-05 19:54:43,357: log_options() 'clock_enabled = False'
INFO: 2019-12-05 19:54:43,357: log_options() 'clock_filter = -density 100 -font `fc-match -f '%{file[0]}' '%CLOCK_FONT_NAME'` -pointsize %CLOCK_FONT_SIZE -gravity SouthEast -fill '#00000044' -annotate 0x0+[%HOFFSET+58]+[%VOFFSET+108] '%H:%M' -fill white -annotate 0x0+[%HOFFSET+60]+[%VOFFSET+110] '%H:%M' -font `fc-match -f '%{file[0]}' '%DATE_FONT_NAME'` -pointsize %DATE_FONT_SIZE -fill '#00000044' -annotate 0x0+[%HOFFSET+58]+[%VOFFSET+58] '%A, %B %d' -fill white -annotate 0x0+[%HOFFSET+60]+[%VOFFSET+60] '%A, %B %d''
INFO: 2019-12-05 19:54:43,358: log_options() 'clock_font = Ubuntu Condensed, 70'
INFO: 2019-12-05 19:54:43,358: log_options() 'configfile = /home/niel/.config/variety/variety.conf'
INFO: 2019-12-05 19:54:43,358: log_options() 'copyto_enabled = False'
INFO: 2019-12-05 19:54:43,358: log_options() 'copyto_folder = Default'
INFO: 2019-12-05 19:54:43,358: log_options() 'desired_color = [160, 160, 160]'
INFO: 2019-12-05 19:54:43,358: log_options() 'desired_color_enabled = False'
INFO: 2019-12-05 19:54:43,358: log_options() 'download_enabled = False'
INFO: 2019-12-05 19:54:43,358: log_options() 'download_folder = /home/niel/.config/variety/Downloaded'
INFO: 2019-12-05 19:54:43,358: log_options() 'download_interval = 600'
INFO: 2019-12-05 19:54:43,359: log_options() 'favorites_folder = /home/niel/.config/variety/Favorites'
INFO: 2019-12-05 19:54:43,359: log_options() 'favorites_operations = [['Downloaded', 'Copy'], ['Fetched', 'Move'], ['Others', 'Copy']]'
INFO: 2019-12-05 19:54:43,359: log_options() 'fetched_folder = /home/niel/.config/variety/Fetched'
INFO: 2019-12-05 19:54:43,359: log_options() 'filters = [[False, 'Keep original', ''], [False, 'Grayscale', '-type Grayscale'], [False, 'Heavy blur', '-blur 120x40'], [False, 'Soft blur', '-blur 20x7'], [False, 'Oil painting', '-paint 8'], [False, 'Pencil sketch', '-colorspace gray \\( +clone -tile ~/.config/variety/pencil_tile.png -draw "color 0,0 reset" +clone +swap -compose color_dodge -composite \\) -fx \'u*.2+v*.8\''], [False, 'Pointilism', '-spread 10 -noise 3'], [False, 'Pixellate', '-scale 3% -scale 3333%']]'
INFO: 2019-12-05 19:54:43,359: log_options() 'icon = Light'
INFO: 2019-12-05 19:54:43,359: log_options() 'lightness_enabled = False'
INFO: 2019-12-05 19:54:43,359: log_options() 'lightness_mode = 0'
INFO: 2019-12-05 19:54:43,359: log_options() 'min_rating = 4'
INFO: 2019-12-05 19:54:43,359: log_options() 'min_rating_enabled = False'
INFO: 2019-12-05 19:54:43,360: log_options() 'min_size = 80'
INFO: 2019-12-05 19:54:43,360: log_options() 'min_size_enabled = True'
INFO: 2019-12-05 19:54:43,360: log_options() 'quota_enabled = False'
INFO: 2019-12-05 19:54:43,360: log_options() 'quota_size = 500'
INFO: 2019-12-05 19:54:43,360: log_options() 'quotes_authors = '
INFO: 2019-12-05 19:54:43,360: log_options() 'quotes_bg_color = [80, 80, 80]'
INFO: 2019-12-05 19:54:43,360: log_options() 'quotes_bg_opacity = 55'
INFO: 2019-12-05 19:54:43,360: log_options() 'quotes_change_enabled = False'
INFO: 2019-12-05 19:54:43,360: log_options() 'quotes_change_interval = 300'
INFO: 2019-12-05 19:54:43,361: log_options() 'quotes_disabled_sources = ['QuotesDaddy']'
INFO: 2019-12-05 19:54:43,361: log_options() 'quotes_enabled = False'
INFO: 2019-12-05 19:54:43,361: log_options() 'quotes_favorites_file = /home/niel/.config/variety/favorite_quotes.txt'
INFO: 2019-12-05 19:54:43,361: log_options() 'quotes_font = Bitstream Charter 30'
INFO: 2019-12-05 19:54:43,361: log_options() 'quotes_hpos = 100'
INFO: 2019-12-05 19:54:43,361: log_options() 'quotes_tags = '
INFO: 2019-12-05 19:54:43,361: log_options() 'quotes_text_color = [255, 255, 255]'
INFO: 2019-12-05 19:54:43,361: log_options() 'quotes_text_shadow = False'
INFO: 2019-12-05 19:54:43,361: log_options() 'quotes_vpos = 40'
INFO: 2019-12-05 19:54:43,362: log_options() 'quotes_width = 70'
INFO: 2019-12-05 19:54:43,362: log_options() 'safe_mode = False'
INFO: 2019-12-05 19:54:43,362: log_options() 'slideshow_custom_enabled = False'
INFO: 2019-12-05 19:54:43,362: log_options() 'slideshow_custom_folder = /home/niel/Pictures'
INFO: 2019-12-05 19:54:43,362: log_options() 'slideshow_downloads_enabled = False'
INFO: 2019-12-05 19:54:43,362: log_options() 'slideshow_fade = 0.4'
INFO: 2019-12-05 19:54:43,362: log_options() 'slideshow_favorites_enabled = True'
INFO: 2019-12-05 19:54:43,362: log_options() 'slideshow_mode = Fullscreen'
INFO: 2019-12-05 19:54:43,363: log_options() 'slideshow_monitor = All'
INFO: 2019-12-05 19:54:43,363: log_options() 'slideshow_pan = 0.05'
INFO: 2019-12-05 19:54:43,363: log_options() 'slideshow_seconds = 6.0'
INFO: 2019-12-05 19:54:43,363: log_options() 'slideshow_sort_order = Random'
INFO: 2019-12-05 19:54:43,363: log_options() 'slideshow_sources_enabled = True'
INFO: 2019-12-05 19:54:43,363: log_options() 'slideshow_zoom = 0.2'
INFO: 2019-12-05 19:54:43,363: log_options() 'smart_enabled = False'
INFO: 2019-12-05 19:54:43,363: log_options() 'smart_notice_shown = True'
INFO: 2019-12-05 19:54:43,363: log_options() 'smart_register_shown = False'
INFO: 2019-12-05 19:54:43,364: log_options() 'sources = [[True, 3, 'The Favorites folder'], [True, 4, 'The Fetched folder'], [True, 2, '/usr/share/backgrounds'], [True, 6, 'Random wallpapers from Desktoppr.co'], [False, 15, 'Bing Photo of the Day'], [False, 16, 'High-resolution photos from Unsplash.com'], [False, 8, "NASA's Astronomy Picture of the Day"], [False, 11, 'World Sunlight Map - live wallpaper from Die.net'], [False, 7, 'user:www.flickr.com/photos/peter-levi/;user_id:93647178@N00;'], [True, 2, '/home/niel/DATA/wallpapers']]'
INFO: 2019-12-05 19:54:43,364: log_options() 'stats_enabled = True'
INFO: 2019-12-05 19:54:43,364: log_options() 'stats_notice_shown = True'
INFO: 2019-12-05 19:54:43,364: log_options() 'sync_enabled = True'
INFO: 2019-12-05 19:54:43,364: log_options() 'use_landscape_enabled = True'
INFO: 2019-12-05 19:54:43,364: reload_config() 'No need to clear prepared queue'
INFO: 2019-12-05 19:54:43,365: update_indicator() 'Setting file info to: /usr/share/backgrounds/arcolinux/yosemite-mountains-3250x1828.jpg'
INFO: 2019-12-05 19:54:43,365: prepare_thread() 'Prepared buffer contains 95 images'
INFO: 2019-12-05 19:54:43,465: do_set_wp() 'Calling do_set_wp with /usr/share/backgrounds/arcolinux/yosemite-mountains-3250x1828.jpg, time: 1575572083.465636'
INFO: 2019-12-05 19:54:43,490: update_indicator() 'Setting file info to: /usr/share/backgrounds/arcolinux/yosemite-mountains-3250x1828.jpg'
INFO: 2019-12-05 19:54:45,396: process_command() 'Received command: ['-n']'
INFO: 2019-12-05 19:54:45,403: set_wallpaper() 'Calling set_wallpaper with /home/niel/DATA/wallpapers/organizer-791939-2019-12-01-0850.jpg'
INFO: 2019-12-05 19:54:45,403: prepare_thread() 'Prepared buffer contains 94 images'
INFO: 2019-12-05 19:54:45,404: do_set_wp() 'Calling do_set_wp with /home/niel/DATA/wallpapers/organizer-791939-2019-12-01-0850.jpg, time: 1575572085.4042864'
INFO: 2019-12-05 19:54:45,422: update_indicator() 'Setting file info to: /home/niel/DATA/wallpapers/organizer-791939-2019-12-01-0850.jpg'
INFO: 2019-12-05 19:54:49,139: process_command() 'Received command: ['-n']'
INFO: 2019-12-05 19:54:49,147: set_wallpaper() 'Calling set_wallpaper with /home/niel/DATA/wallpapers/city_nightscape__3840_x_2160__hellsjuggernaut-2019-11-07-1633.jpg'
INFO: 2019-12-05 19:54:49,147: prepare_thread() 'Prepared buffer contains 93 images'
INFO: 2019-12-05 19:54:49,147: do_set_wp() 'Calling do_set_wp with /home/niel/DATA/wallpapers/city_nightscape__3840_x_2160__hellsjuggernaut-2019-11-07-1633.jpg, time: 1575572089.14782'
INFO: 2019-12-05 19:54:49,164: update_indicator() 'Setting file info to: /home/niel/DATA/wallpapers/city_nightscape__3840_x_2160__hellsjuggernaut-2019-11-07-1633.jpg'
